<?xml version="1.0" encoding="UTF-8"?>
<testsuite xmlns:xsi="http://www.w3.org/2001/XMLSchema-instance" xsi:noNamespaceSchemaLocation="https://maven.apache.org/surefire/maven-surefire-plugin/xsd/surefire-test-report-3.0.xsd" version="3.0" name="com.brickify.frontend.utils.Scene3DUtilsTest" time="1.644" tests="4" errors="0" skipped="0" failures="0">
  <properties>
[...]
</properties>
  <testcase name="testRotateCamera" classname="com.brickify.frontend.utils.Scene3DUtilsTest" time="0.857">
    <system-err><![CDATA[avr. 15, 2025 11:29:48 AM com.sun.javafx.application.PlatformImpl startup
AVERTISSEMENT: Unsupported JavaFX configuration: classes were loaded from 'unnamed module @1f021e6c'
]]></system-err>
  </testcase>
  <testcase name="testResetCamera" classname="com.brickify.frontend.utils.Scene3DUtilsTest" time="0.227"/>
  <testcase name="testZoomCamera" classname="com.brickify.frontend.utils.Scene3DUtilsTest" time="0.226"/>
  <testcase name="testCreateSubScene" classname="com.brickify.frontend.utils.Scene3DUtilsTest" time="0.233"/>
</testsuite>